This file contains any messages produced by compilers while
running configure, to aid debugging if configure makes a mistake.

It was created by libgtop11dotnet configure 2.2.0.12, which was
generated by GNU Autoconf 2.61.  Invocation command line was

  $ ./configure --enable-system-boost

## --------- ##
## Platform. ##
## --------- ##

hostname = snowypine
uname -m = x86_64
uname -r = 4.4.14
uname -s = Linux
uname -v = #1-NixOS SMP Fri Jun 24 17:18:38 UTC 2016

/usr/bin/uname -p = unknown
/bin/uname -X     = unknown

/bin/arch              = unknown
/usr/bin/arch -k       = unknown
/usr/convex/getsysinfo = unknown
/usr/bin/hostinfo      = unknown
/bin/machine           = unknown
/usr/bin/oslevel       = unknown
/bin/universe          = unknown

PATH: /home/blajos/bin
PATH: /home/blajos/bin
PATH: /home/blajos/bin
PATH: /var/setuid-wrappers
PATH: /home/blajos/.nix-profile/bin
PATH: /home/blajos/.nix-profile/sbin
PATH: /home/blajos/.nix-profile/lib/kde4/libexec
PATH: /nix/var/nix/profiles/default/bin
PATH: /nix/var/nix/profiles/default/sbin
PATH: /nix/var/nix/profiles/default/lib/kde4/libexec
PATH: /run/current-system/sw/bin
PATH: /run/current-system/sw/sbin
PATH: /run/current-system/sw/lib/kde4/libexec
PATH: /usr/games
PATH: /usr/games


## ----------- ##
## Core tests. ##
## ----------- ##

configure:1995: checking for a BSD-compatible install
configure:2051: result: /run/current-system/sw/bin/install -c
configure:2062: checking whether build environment is sane
configure:2105: result: yes
configure:2133: checking for a thread-safe mkdir -p
configure:2172: result: /run/current-system/sw/bin/mkdir -p
configure:2185: checking for gawk
configure:2201: found /run/current-system/sw/bin/gawk
configure:2212: result: gawk
configure:2223: checking whether make sets $(MAKE)
configure:2248: result: no
configure:2435: checking for pkg-config
configure:2465: result: no
configure:2532: checking for g++
configure:2562: result: no
configure:2532: checking for c++
configure:2562: result: no
configure:2532: checking for gpp
configure:2562: result: no
configure:2532: checking for aCC
configure:2562: result: no
configure:2532: checking for CC
configure:2562: result: no
configure:2532: checking for cxx
configure:2562: result: no
configure:2532: checking for cc++
configure:2562: result: no
configure:2532: checking for cl.exe
configure:2562: result: no
configure:2532: checking for FCC
configure:2562: result: no
configure:2532: checking for KCC
configure:2562: result: no
configure:2532: checking for RCC
configure:2562: result: no
configure:2532: checking for xlC_r
configure:2562: result: no
configure:2532: checking for xlC
configure:2562: result: no
configure:2590: checking for C++ compiler version
configure:2597: g++ --version >&5
./configure: line 2598: g++: command not found
configure:2600: $? = 127
configure:2607: g++ -v >&5
./configure: line 2608: g++: command not found
configure:2610: $? = 127
configure:2617: g++ -V >&5
./configure: line 2618: g++: command not found
configure:2620: $? = 127
configure:2643: checking for C++ compiler default output file name
configure:2670: g++    conftest.cpp  >&5
./configure: line 2671: g++: command not found
configure:2673: $? = 127
configure:2711: result: 
configure: failed program was:
| /* confdefs.h.  */
| #define PACKAGE_NAME "libgtop11dotnet"
| #define PACKAGE_TARNAME "libgtop11dotnet"
| #define PACKAGE_VERSION "2.2.0.12"
| #define PACKAGE_STRING "libgtop11dotnet 2.2.0.12"
| #define PACKAGE_BUGREPORT "hotline@gemalto.com"
| #define PACKAGE "libgtop11dotnet"
| #define VERSION "2.2.0.12"
| /* end confdefs.h.  */
| 
| int
| main ()
| {
| 
|   ;
|   return 0;
| }
configure:2718: error: C++ compiler cannot create executables
See `config.log' for more details.

## ---------------- ##
## Cache variables. ##
## ---------------- ##

ac_cv_env_CCC_set=
ac_cv_env_CCC_value=
ac_cv_env_CC_set=
ac_cv_env_CC_value=
ac_cv_env_CFLAGS_set=
ac_cv_env_CFLAGS_value=
ac_cv_env_CPPFLAGS_set=
ac_cv_env_CPPFLAGS_value=
ac_cv_env_CPP_set=
ac_cv_env_CPP_value=
ac_cv_env_CXXCPP_set=
ac_cv_env_CXXCPP_value=
ac_cv_env_CXXFLAGS_set=
ac_cv_env_CXXFLAGS_value=
ac_cv_env_CXX_set=
ac_cv_env_CXX_value=
ac_cv_env_F77_set=
ac_cv_env_F77_value=
ac_cv_env_FFLAGS_set=
ac_cv_env_FFLAGS_value=
ac_cv_env_LDFLAGS_set=
ac_cv_env_LDFLAGS_value=
ac_cv_env_LIBS_set=
ac_cv_env_LIBS_value=
ac_cv_env_PCSC_CFLAGS_set=
ac_cv_env_PCSC_CFLAGS_value=
ac_cv_env_PCSC_LIBS_set=
ac_cv_env_PCSC_LIBS_value=
ac_cv_env_PKG_CONFIG_set=
ac_cv_env_PKG_CONFIG_value=
ac_cv_env_build_alias_set=
ac_cv_env_build_alias_value=
ac_cv_env_host_alias_set=
ac_cv_env_host_alias_value=
ac_cv_env_target_alias_set=
ac_cv_env_target_alias_value=
ac_cv_path_install='/run/current-system/sw/bin/install -c'
ac_cv_path_mkdir=/run/current-system/sw/bin/mkdir
ac_cv_prog_AWK=gawk
ac_cv_prog_make_make_set=no

## ----------------- ##
## Output variables. ##
## ----------------- ##

ACLOCAL='${SHELL} /tmp/libgtop11dotnet-2.2.0.12/missing --run aclocal-1.10'
AMDEPBACKSLASH=''
AMDEP_FALSE=''
AMDEP_TRUE=''
AMTAR='${SHELL} /tmp/libgtop11dotnet-2.2.0.12/missing --run tar'
AR=''
AUTOCONF='${SHELL} /tmp/libgtop11dotnet-2.2.0.12/missing --run autoconf'
AUTOHEADER='${SHELL} /tmp/libgtop11dotnet-2.2.0.12/missing --run autoheader'
AUTOMAKE='${SHELL} /tmp/libgtop11dotnet-2.2.0.12/missing --run automake-1.10'
AWK='gawk'
CC=''
CCDEPMODE=''
CFLAGS=''
CPP=''
CPPFLAGS=''
CXX='g++'
CXXCPP=''
CXXDEPMODE=''
CXXFLAGS=''
CYGPATH_W='echo'
DEFS=''
DEPDIR=''
DSYMUTIL=''
DYN_LIB_EXT=''
ECHO='echo'
ECHO_C=''
ECHO_N='-n'
ECHO_T=''
EGREP=''
ENABLE_SYSTEM_BOOST_FALSE=''
ENABLE_SYSTEM_BOOST_TRUE=''
EXEEXT=''
F77=''
FFLAGS=''
GREP=''
INSTALL_DATA='${INSTALL} -m 644'
INSTALL_PROGRAM='${INSTALL}'
INSTALL_SCRIPT='${INSTALL}'
INSTALL_STRIP_PROGRAM='$(install_sh) -c -s'
LDFLAGS=''
LIBOBJS=''
LIBS=''
LIBTOOL=''
LN_S=''
LTLIBOBJS=''
MAKEINFO='${SHELL} /tmp/libgtop11dotnet-2.2.0.12/missing --run makeinfo'
NMEDIT=''
OBJEXT=''
PACKAGE='libgtop11dotnet'
PACKAGE_BUGREPORT='hotline@gemalto.com'
PACKAGE_NAME='libgtop11dotnet'
PACKAGE_STRING='libgtop11dotnet 2.2.0.12'
PACKAGE_TARNAME='libgtop11dotnet'
PACKAGE_VERSION='2.2.0.12'
PATH_SEPARATOR=':'
PCSC_CFLAGS=''
PCSC_LIBS=''
PKGCONFIG=''
PKG_CONFIG=''
RANLIB=''
SED=''
SET_MAKE='MAKE=make'
SHELL='/bin/sh'
STRIP=''
VERSION='2.2.0.12'
ac_ct_CC=''
ac_ct_CXX=''
ac_ct_F77=''
am__fastdepCC_FALSE=''
am__fastdepCC_TRUE=''
am__fastdepCXX_FALSE=''
am__fastdepCXX_TRUE=''
am__include=''
am__isrc=''
am__leading_dot='.'
am__quote=''
am__tar='${AMTAR} chof - "$$tardir"'
am__untar='${AMTAR} xf -'
bindir='${exec_prefix}/bin'
build=''
build_alias=''
build_cpu=''
build_os=''
build_vendor=''
datadir='${datarootdir}'
datarootdir='${prefix}/share'
docdir='${datarootdir}/doc/${PACKAGE_TARNAME}'
dvidir='${docdir}'
exec_prefix='NONE'
host=''
host_alias=''
host_cpu=''
host_os=''
host_vendor=''
htmldir='${docdir}'
includedir='${prefix}/include'
infodir='${datarootdir}/info'
install_sh='$(SHELL) /tmp/libgtop11dotnet-2.2.0.12/install-sh'
libdir='${exec_prefix}/lib'
libexecdir='${exec_prefix}/libexec'
localedir='${datarootdir}/locale'
localstatedir='${prefix}/var'
mandir='${datarootdir}/man'
mkdir_p='/run/current-system/sw/bin/mkdir -p'
oldincludedir='/usr/include'
pdfdir='${docdir}'
prefix='NONE'
program_transform_name='s,x,x,'
psdir='${docdir}'
sbindir='${exec_prefix}/sbin'
sharedstatedir='${prefix}/com'
sysconfdir='${prefix}/etc'
target_alias=''

## ----------- ##
## confdefs.h. ##
## ----------- ##

#define PACKAGE_NAME "libgtop11dotnet"
#define PACKAGE_TARNAME "libgtop11dotnet"
#define PACKAGE_VERSION "2.2.0.12"
#define PACKAGE_STRING "libgtop11dotnet 2.2.0.12"
#define PACKAGE_BUGREPORT "hotline@gemalto.com"
#define PACKAGE "libgtop11dotnet"
#define VERSION "2.2.0.12"

configure: exit 77
